# JRE version: OpenJDK Runtime Environment (8.0_242-b01) (build 1.8.0_242-release-1644-b01)
# Java VM: OpenJDK 64-Bit Server VM (25.242-b01 mixed mode windows-amd64 compressed oops)
Heap:
 PSYoungGen      total 435200K, used 93987K [0x00000000e0000000, 0x0000000100000000, 0x0000000100000000)
  eden space 350208K, 26% used [0x00000000e0000000,0x00000000e5bc8ea8,0x00000000f5600000)
  from space 84992K, 0% used [0x00000000faa00000,0x00000000faa00000,0x00000000ffd00000)
  to   space 86016K, 0% used [0x00000000f5600000,0x00000000f5600000,0x00000000faa00000)
 ParOldGen       total 356864K, used 157316K [0x00000000a0000000, 0x00000000b5c80000, 0x00000000e0000000)
  object space 356864K, 44% used [0x00000000a0000000,0x00000000a99a1230,0x00000000b5c80000)
 Metaspace       used 138651K, capacity 144042K, committed 144536K, reserved 1175552K
  class space    used 17658K, capacity 18727K, committed 18840K, reserved 1048576K
GC Heap History (10 events):
Event: 124.706 GC heap before
{Heap before GC invocations=31 (full 4):
 PSYoungGen      total 318464K, used 251516K [0x00000000e0000000, 0x00000000f8200000, 0x0000000100000000)
  eden space 246784K, 99% used [0x00000000e0000000,0x00000000eef82708,0x00000000ef100000)
  from space 71680K, 8% used [0x00000000f3c00000,0x00000000f421c980,0x00000000f8200000)
  to   space 74240K, 0% used [0x00000000ef100000,0x00000000ef100000,0x00000000f3980000)
 ParOldGen       total 232448K, used 186279K [0x00000000a0000000, 0x00000000ae300000, 0x00000000e0000000)
  object space 232448K, 80% used [0x00000000a0000000,0x00000000ab5e9c80,0x00000000ae300000)
 Metaspace       used 137150K, capacity 142416K, committed 142616K, reserved 1173504K
  class space    used 17559K, capacity 18615K, committed 18712K, reserved 1048576K
Event: 124.733 GC heap after
Heap after GC invocations=31 (full 4):
 PSYoungGen      total 321024K, used 46289K [0x00000000e0000000, 0x00000000fbb00000, 0x0000000100000000)
  eden space 246784K, 0% used [0x00000000e0000000,0x00000000e0000000,0x00000000ef100000)
  from space 74240K, 62% used [0x00000000ef100000,0x00000000f1e347a8,0x00000000f3980000)
  to   space 76800K, 0% used [0x00000000f7000000,0x00000000f7000000,0x00000000fbb00000)
 ParOldGen       total 232448K, used 189934K [0x00000000a0000000, 0x00000000ae300000, 0x00000000e0000000)
  object space 232448K, 81% used [0x00000000a0000000,0x00000000ab97b9b8,0x00000000ae300000)
 Metaspace       used 137150K, capacity 142416K, committed 142616K, reserved 1173504K
  class space    used 17559K, capacity 18615K, committed 18712K, reserved 1048576K
}
Event: 272.049 GC heap before
{Heap before GC invocations=32 (full 4):
 PSYoungGen      total 321024K, used 293073K [0x00000000e0000000, 0x00000000fbb00000, 0x0000000100000000)
  eden space 246784K, 100% used [0x00000000e0000000,0x00000000ef100000,0x00000000ef100000)
  from space 74240K, 62% used [0x00000000ef100000,0x00000000f1e347a8,0x00000000f3980000)
  to   space 76800K, 0% used [0x00000000f7000000,0x00000000f7000000,0x00000000fbb00000)
 ParOldGen       total 232448K, used 189934K [0x00000000a0000000, 0x00000000ae300000, 0x00000000e0000000)
  object space 232448K, 81% used [0x00000000a0000000,0x00000000ab97b9b8,0x00000000ae300000)
 Metaspace       used 137919K, capacity 143248K, committed 143384K, reserved 1173504K
  class space    used 17636K, capacity 18702K, committed 18712K, reserved 1048576K
Event: 272.058 GC heap after
Heap after GC invocations=32 (full 4):
 PSYoungGen      total 366592K, used 2630K [0x00000000e0000000, 0x00000000fb580000, 0x0000000100000000)
  eden space 295424K, 0% used [0x00000000e0000000,0x00000000e0000000,0x00000000f2080000)
  from space 71168K, 3% used [0x00000000f7000000,0x00000000f7291840,0x00000000fb580000)
  to   space 76288K, 0% used [0x00000000f2080000,0x00000000f2080000,0x00000000f6b00000)
 ParOldGen       total 232448K, used 190740K [0x00000000a0000000, 0x00000000ae300000, 0x00000000e0000000)
  object space 232448K, 82% used [0x00000000a0000000,0x00000000aba45170,0x00000000ae300000)
 Metaspace       used 137919K, capacity 143248K, committed 143384K, reserved 1173504K
  class space    used 17636K, capacity 18702K, committed 18712K, reserved 1048576K
}
Event: 276.359 GC heap before
{Heap before GC invocations=33 (full 4):
 PSYoungGen      total 366592K, used 298054K [0x00000000e0000000, 0x00000000fb580000, 0x0000000100000000)
  eden space 295424K, 100% used [0x00000000e0000000,0x00000000f2080000,0x00000000f2080000)
  from space 71168K, 3% used [0x00000000f7000000,0x00000000f7291840,0x00000000fb580000)
  to   space 76288K, 0% used [0x00000000f2080000,0x00000000f2080000,0x00000000f6b00000)
 ParOldGen       total 232448K, used 190740K [0x00000000a0000000, 0x00000000ae300000, 0x00000000e0000000)
  object space 232448K, 82% used [0x00000000a0000000,0x00000000aba45170,0x00000000ae300000)
 Metaspace       used 138646K, capacity 144152K, committed 144280K, reserved 1175552K
  class space    used 17681K, capacity 18768K, committed 18840K, reserved 1048576K
Event: 276.425 GC heap after
Heap after GC invocations=33 (full 4):
 PSYoungGen      total 371712K, used 63143K [0x00000000e0000000, 0x00000000ffd00000, 0x0000000100000000)
  eden space 295424K, 0% used [0x00000000e0000000,0x00000000e0000000,0x00000000f2080000)
  from space 76288K, 82% used [0x00000000f2080000,0x00000000f5e29e88,0x00000000f6b00000)
  to   space 84992K, 0% used [0x00000000faa00000,0x00000000faa00000,0x00000000ffd00000)
 ParOldGen       total 232448K, used 192583K [0x00000000a0000000, 0x00000000ae300000, 0x00000000e0000000)
  object space 232448K, 82% used [0x00000000a0000000,0x00000000abc11eb8,0x00000000ae300000)
 Metaspace       used 138646K, capacity 144152K, committed 144280K, reserved 1175552K
  class space    used 17681K, capacity 18768K, committed 18840K, reserved 1048576K
}
Event: 278.392 GC heap before
{Heap before GC invocations=34 (full 4):
 PSYoungGen      total 371712K, used 358567K [0x00000000e0000000, 0x00000000ffd00000, 0x0000000100000000)
  eden space 295424K, 100% used [0x00000000e0000000,0x00000000f2080000,0x00000000f2080000)
  from space 76288K, 82% used [0x00000000f2080000,0x00000000f5e29e88,0x00000000f6b00000)
  to   space 84992K, 0% used [0x00000000faa00000,0x00000000faa00000,0x00000000ffd00000)
 ParOldGen       total 232448K, used 192583K [0x00000000a0000000, 0x00000000ae300000, 0x00000000e0000000)
  object space 232448K, 82% used [0x00000000a0000000,0x00000000abc11eb8,0x00000000ae300000)
 Metaspace       used 138717K, capacity 144224K, committed 144536K, reserved 1175552K
  class space    used 17682K, capacity 18768K, committed 18840K, reserved 1048576K
Event: 278.523 GC heap after
Heap after GC invocations=34 (full 4):
 PSYoungGen      total 435200K, used 47577K [0x00000000e0000000, 0x0000000100000000, 0x0000000100000000)
  eden space 350208K, 0% used [0x00000000e0000000,0x00000000e0000000,0x00000000f5600000)
  from space 84992K, 55% used [0x00000000faa00000,0x00000000fd8764f0,0x00000000ffd00000)
  to   space 86016K, 0% used [0x00000000f5600000,0x00000000f5600000,0x00000000faa00000)
 ParOldGen       total 232448K, used 227974K [0x00000000a0000000, 0x00000000ae300000, 0x00000000e0000000)
  object space 232448K, 98% used [0x00000000a0000000,0x00000000adea1a50,0x00000000ae300000)
 Metaspace       used 138717K, capacity 144224K, committed 144536K, reserved 1175552K
  class space    used 17682K, capacity 18768K, committed 18840K, reserved 1048576K
}
Event: 278.523 GC heap before
{Heap before GC invocations=35 (full 5):
 PSYoungGen      total 435200K, used 47577K [0x00000000e0000000, 0x0000000100000000, 0x0000000100000000)
  eden space 350208K, 0% used [0x00000000e0000000,0x00000000e0000000,0x00000000f5600000)
  from space 84992K, 55% used [0x00000000faa00000,0x00000000fd8764f0,0x00000000ffd00000)
  to   space 86016K, 0% used [0x00000000f5600000,0x00000000f5600000,0x00000000faa00000)
 ParOldGen       total 232448K, used 227974K [0x00000000a0000000, 0x00000000ae300000, 0x00000000e0000000)
  object space 232448K, 98% used [0x00000000a0000000,0x00000000adea1a50,0x00000000ae300000)
 Metaspace       used 138717K, capacity 144224K, committed 144536K, reserved 1175552K
  class space    used 17682K, capacity 18768K, committed 18840K, reserved 1048576K
Event: 279.624 GC heap after
Heap after GC invocations=35 (full 5):
 PSYoungGen      total 435200K, used 0K [0x00000000e0000000, 0x0000000100000000, 0x0000000100000000)
  eden space 350208K, 0% used [0x00000000e0000000,0x00000000e0000000,0x00000000f5600000)
  from space 84992K, 0% used [0x00000000faa00000,0x00000000faa00000,0x00000000ffd00000)
  to   space 86016K, 0% used [0x00000000f5600000,0x00000000f5600000,0x00000000faa00000)
 ParOldGen       total 356864K, used 157316K [0x00000000a0000000, 0x00000000b5c80000, 0x00000000e0000000)
  object space 356864K, 44% used [0x00000000a0000000,0x00000000a99a1230,0x00000000b5c80000)
 Metaspace       used 138647K, capacity 144038K, committed 144536K, reserved 1175552K
  class space    used 17658K, capacity 18727K, committed 18840K, reserved 1048576K
}

